<?xml version="1.0" encoding="UTF-8"?>
<!-- Generated by org.testng.reporters.JUnitReportReporter -->
<testsuite skipped="0" hostname="DESKTOP-PE7K6V4" name="DataPro" tests="1" failures="0" timestamp="07 二月 2021 00:33:34 GMT" time="0.007" errors="0">
  <testcase name="DataProviderShow" time="0.007" classname="DataPro"/>
</testsuite> <!-- DataPro -->
