<?xml version="1.0" encoding="UTF-8"?>
<!-- Generated by org.testng.reporters.JUnitReportReporter -->
<testsuite skipped="0" hostname="DESKTOP-PE7K6V4" name="TestTestNG" tests="3" failures="0" timestamp="20 十二月 2020 11:03:52 GMT" time="0.014" errors="0">
  <testcase name="simpleTest3" time="0.000" classname="TestTestNG"/>
  <testcase name="simpleTest2" time="0.000" classname="TestTestNG"/>
  <testcase name="simpleTest1" time="0.014" classname="TestTestNG"/>
</testsuite> <!-- TestTestNG -->
