<?xml version="1.0" encoding="UTF-8"?>
<!-- Generated by org.testng.reporters.JUnitReportReporter -->
<testsuite skipped="0" hostname="DESKTOP-PE7K6V4" name="DataPro" tests="1" failures="0" timestamp="20 十二月 2020 11:07:01 GMT" time="0.011" errors="0">
  <testcase name="DataProviderShow" time="0.011" classname="DataPro"/>
</testsuite> <!-- DataPro -->
